25-06-18 06:11:25.234 [main] INFO  c.t.journalapp.JournalApplication - Starting JournalApplication using Java 17.0.13 on apples-MacBook-Pro.local with PID 2044 (/Users/apple/Desktop/Irshad/java/Java/Spring/journalapp/target/classes started by apple in /Users/apple/Desktop/Irshad/java/Java/Spring/journalapp) 
25-06-18 06:11:25.386 [main] INFO  c.t.journalapp.JournalApplication - The following 1 profile is active: "prod" 
25-06-18 06:11:26.691 [main] INFO  o.s.d.r.c.RepositoryConfigurationDelegate - Multiple Spring Data modules found, entering strict repository configuration mode 
25-06-18 06:11:26.696 [main] INFO  o.s.d.r.c.RepositoryConfigurationDelegate - Bootstrapping Spring Data MongoDB repositories in DEFAULT mode. 
25-06-18 06:11:26.984 [main] INFO  o.s.d.r.c.RepositoryConfigurationDelegate - Finished Spring Data repository scanning in 280 ms. Found 3 MongoDB repository interfaces. 
25-06-18 06:11:27.013 [main] INFO  o.s.d.r.c.RepositoryConfigurationDelegate - Multiple Spring Data modules found, entering strict repository configuration mode 
25-06-18 06:11:27.014 [main] INFO  o.s.d.r.c.RepositoryConfigurationDelegate - Bootstrapping Spring Data Redis repositories in DEFAULT mode. 
25-06-18 06:11:27.043 [main] INFO  o.s.d.r.c.RepositoryConfigurationExtensionSupport - Spring Data Redis - Could not safely identify store assignment for repository candidate interface com.techn.journalapp.repository.ConfigJournalAppRepository; If you want this repository to be a Redis repository, consider annotating your entities with one of these annotations: org.springframework.data.redis.core.RedisHash (preferred), or consider extending one of the following types with your repository: org.springframework.data.keyvalue.repository.KeyValueRepository 
25-06-18 06:11:27.044 [main] INFO  o.s.d.r.c.RepositoryConfigurationExtensionSupport - Spring Data Redis - Could not safely identify store assignment for repository candidate interface com.techn.journalapp.repository.JournalEntryRepository; If you want this repository to be a Redis repository, consider annotating your entities with one of these annotations: org.springframework.data.redis.core.RedisHash (preferred), or consider extending one of the following types with your repository: org.springframework.data.keyvalue.repository.KeyValueRepository 
25-06-18 06:11:27.044 [main] INFO  o.s.d.r.c.RepositoryConfigurationExtensionSupport - Spring Data Redis - Could not safely identify store assignment for repository candidate interface com.techn.journalapp.repository.UserRepository; If you want this repository to be a Redis repository, consider annotating your entities with one of these annotations: org.springframework.data.redis.core.RedisHash (preferred), or consider extending one of the following types with your repository: org.springframework.data.keyvalue.repository.KeyValueRepository 
25-06-18 06:11:27.045 [main] INFO  o.s.d.r.c.RepositoryConfigurationDelegate - Finished Spring Data repository scanning in 13 ms. Found 0 Redis repository interfaces. 
25-06-18 06:11:28.080 [main] INFO  o.s.b.w.e.tomcat.TomcatWebServer - Tomcat initialized with port(s): 8081 (http) 
25-06-18 06:11:28.096 [main] INFO  o.a.coyote.http11.Http11NioProtocol - Initializing ProtocolHandler ["http-nio-8081"] 
25-06-18 06:11:28.099 [main] INFO  o.a.catalina.core.StandardService - Starting service [Tomcat] 
25-06-18 06:11:28.100 [main] INFO  o.a.catalina.core.StandardEngine - Starting Servlet engine: [Apache Tomcat/9.0.79] 
25-06-18 06:11:28.254 [main] INFO  o.a.c.c.C.[.[localhost].[/prod] - Initializing Spring embedded WebApplicationContext 
25-06-18 06:11:28.255 [main] INFO  o.s.b.w.s.c.ServletWebServerApplicationContext - Root WebApplicationContext: initialization completed in 2688 ms 
25-06-18 06:11:28.802 [main] INFO  org.mongodb.driver.client - MongoClient with metadata {"driver": {"name": "mongo-java-driver|sync|spring-boot", "version": "4.6.1"}, "os": {"type": "Darwin", "name": "Mac OS X", "architecture": "x86_64", "version": "10.15.7"}, "platform": "Java/Oracle Corporation/17.0.13+10-LTS-268", "application": {"name": "Cluster0"}} created with settings MongoClientSettings{readPreference=primary, writeConcern=WriteConcern{w=majority, wTimeout=null ms, journal=null}, retryWrites=true, retryReads=true, readConcern=ReadConcern{level=null}, credential=MongoCredential{mechanism=null, userName='meirshad07', source='admin', password=<hidden>, mechanismProperties=<hidden>}, streamFactoryFactory=null, commandListeners=[], codecRegistry=ProvidersCodecRegistry{codecProviders=[ValueCodecProvider{}, BsonValueCodecProvider{}, DBRefCodecProvider{}, DBObjectCodecProvider{}, DocumentCodecProvider{}, IterableCodecProvider{}, MapCodecProvider{}, GeoJsonCodecProvider{}, GridFSFileCodecProvider{}, Jsr310CodecProvider{}, JsonObjectCodecProvider{}, BsonCodecProvider{}, EnumCodecProvider{}, com.mongodb.Jep395RecordCodecProvider@553d2579]}, clusterSettings={hosts=[127.0.0.1:27017], srvHost=cluster0.jl0ajab.mongodb.net, srvServiceName=mongodb, mode=MULTIPLE, requiredClusterType=REPLICA_SET, requiredReplicaSetName='atlas-q34iyo-shard-0', serverSelector='null', clusterListeners='[]', serverSelectionTimeout='30000 ms', localThreshold='30000 ms'}, socketSettings=SocketSettings{connectTimeoutMS=10000, readTimeoutMS=0, receiveBufferSize=0, sendBufferSize=0}, heartbeatSocketSettings=SocketSettings{connectTimeoutMS=10000, readTimeoutMS=10000, receiveBufferSize=0, sendBufferSize=0}, connectionPoolSettings=ConnectionPoolSettings{maxSize=100, minSize=0, maxWaitTimeMS=120000, maxConnectionLifeTimeMS=0, maxConnectionIdleTimeMS=0, maintenanceInitialDelayMS=0, maintenanceFrequencyMS=60000, connectionPoolListeners=[], maxConnecting=2}, serverSettings=ServerSettings{heartbeatFrequencyMS=10000, minHeartbeatFrequencyMS=500, serverListeners='[]', serverMonitorListeners='[]'}, sslSettings=SslSettings{enabled=true, invalidHostNameAllowed=false, context=null}, applicationName='Cluster0', compressorList=[], uuidRepresentation=JAVA_LEGACY, serverApi=null, autoEncryptionSettings=null, contextProvider=null} 
25-06-18 06:11:28.855 [cluster-ClusterId{value='68520b3899ceb36807f3252e', description='null'}-srv-cluster0.jl0ajab.mongodb.net] INFO  org.mongodb.driver.cluster - Adding discovered server ac-qlr4jwe-shard-00-00.jl0ajab.mongodb.net:27017 to client view of cluster 
25-06-18 06:11:28.898 [cluster-ClusterId{value='68520b3899ceb36807f3252e', description='null'}-srv-cluster0.jl0ajab.mongodb.net] INFO  org.mongodb.driver.cluster - Adding discovered server ac-qlr4jwe-shard-00-01.jl0ajab.mongodb.net:27017 to client view of cluster 
25-06-18 06:11:28.900 [cluster-ClusterId{value='68520b3899ceb36807f3252e', description='null'}-srv-cluster0.jl0ajab.mongodb.net] INFO  org.mongodb.driver.cluster - Adding discovered server ac-qlr4jwe-shard-00-02.jl0ajab.mongodb.net:27017 to client view of cluster 
25-06-18 06:11:29.793 [main] INFO  org.mongodb.driver.cluster - No server chosen by com.mongodb.client.internal.MongoClientDelegate$1@54ccb3 from cluster description ClusterDescription{type=REPLICA_SET, connectionMode=MULTIPLE, serverDescriptions=[ServerDescription{address=ac-qlr4jwe-shard-00-01.jl0ajab.mongodb.net:27017, type=UNKNOWN, state=CONNECTING}, ServerDescription{address=ac-qlr4jwe-shard-00-02.jl0ajab.mongodb.net:27017, type=UNKNOWN, state=CONNECTING}, ServerDescription{address=ac-qlr4jwe-shard-00-00.jl0ajab.mongodb.net:27017, type=UNKNOWN, state=CONNECTING}]}. Waiting for 30000 ms before timing out 
25-06-18 06:11:29.853 [cluster-ClusterId{value='68520b3899ceb36807f3252e', description='null'}-ac-qlr4jwe-shard-00-02.jl0ajab.mongodb.net:27017] INFO  org.mongodb.driver.connection - Opened connection [connectionId{localValue:3, serverValue:24004}] to ac-qlr4jwe-shard-00-02.jl0ajab.mongodb.net:27017 
25-06-18 06:11:29.854 [cluster-rtt-ClusterId{value='68520b3899ceb36807f3252e', description='null'}-ac-qlr4jwe-shard-00-02.jl0ajab.mongodb.net:27017] INFO  org.mongodb.driver.connection - Opened connection [connectionId{localValue:2, serverValue:24004}] to ac-qlr4jwe-shard-00-02.jl0ajab.mongodb.net:27017 
25-06-18 06:11:29.854 [cluster-rtt-ClusterId{value='68520b3899ceb36807f3252e', description='null'}-ac-qlr4jwe-shard-00-01.jl0ajab.mongodb.net:27017] INFO  org.mongodb.driver.connection - Opened connection [connectionId{localValue:1, serverValue:20528}] to ac-qlr4jwe-shard-00-01.jl0ajab.mongodb.net:27017 
25-06-18 06:11:29.854 [cluster-rtt-ClusterId{value='68520b3899ceb36807f3252e', description='null'}-ac-qlr4jwe-shard-00-00.jl0ajab.mongodb.net:27017] INFO  org.mongodb.driver.connection - Opened connection [connectionId{localValue:5, serverValue:23622}] to ac-qlr4jwe-shard-00-00.jl0ajab.mongodb.net:27017 
25-06-18 06:11:29.853 [cluster-ClusterId{value='68520b3899ceb36807f3252e', description='null'}-ac-qlr4jwe-shard-00-00.jl0ajab.mongodb.net:27017] INFO  org.mongodb.driver.connection - Opened connection [connectionId{localValue:6, serverValue:23622}] to ac-qlr4jwe-shard-00-00.jl0ajab.mongodb.net:27017 
25-06-18 06:11:29.854 [cluster-ClusterId{value='68520b3899ceb36807f3252e', description='null'}-ac-qlr4jwe-shard-00-01.jl0ajab.mongodb.net:27017] INFO  org.mongodb.driver.connection - Opened connection [connectionId{localValue:4, serverValue:20528}] to ac-qlr4jwe-shard-00-01.jl0ajab.mongodb.net:27017 
25-06-18 06:11:29.855 [cluster-ClusterId{value='68520b3899ceb36807f3252e', description='null'}-ac-qlr4jwe-shard-00-01.jl0ajab.mongodb.net:27017] INFO  org.mongodb.driver.cluster - Monitor thread successfully connected to server with description ServerDescription{address=ac-qlr4jwe-shard-00-01.jl0ajab.mongodb.net:27017, type=REPLICA_SET_SECONDARY, state=CONNECTED, ok=true, minWireVersion=0, maxWireVersion=25, maxDocumentSize=16777216, logicalSessionTimeoutMinutes=30, roundTripTimeNanos=483263236, setName='atlas-q34iyo-shard-0', canonicalAddress=ac-qlr4jwe-shard-00-01.jl0ajab.mongodb.net:27017, hosts=[ac-qlr4jwe-shard-00-01.jl0ajab.mongodb.net:27017, ac-qlr4jwe-shard-00-02.jl0ajab.mongodb.net:27017, ac-qlr4jwe-shard-00-00.jl0ajab.mongodb.net:27017], passives=[], arbiters=[], primary='ac-qlr4jwe-shard-00-02.jl0ajab.mongodb.net:27017', tagSet=TagSet{[Tag{name='availabilityZone', value='aps1-az3'}, Tag{name='diskState', value='READY'}, Tag{name='nodeType', value='ELECTABLE'}, Tag{name='provider', value='AWS'}, Tag{name='region', value='AP_SOUTH_1'}, Tag{name='workloadType', value='OPERATIONAL'}]}, electionId=null, setVersion=251, topologyVersion=TopologyVersion{processId=6851986c2d04923514f70196, counter=3}, lastWriteDate=Wed Jun 18 06:11:29 IST 2025, lastUpdateTimeNanos=5850462519496} 
25-06-18 06:11:29.855 [cluster-ClusterId{value='68520b3899ceb36807f3252e', description='null'}-ac-qlr4jwe-shard-00-00.jl0ajab.mongodb.net:27017] INFO  org.mongodb.driver.cluster - Monitor thread successfully connected to server with description ServerDescription{address=ac-qlr4jwe-shard-00-00.jl0ajab.mongodb.net:27017, type=REPLICA_SET_SECONDARY, state=CONNECTED, ok=true, minWireVersion=0, maxWireVersion=25, maxDocumentSize=16777216, logicalSessionTimeoutMinutes=30, roundTripTimeNanos=483133453, setName='atlas-q34iyo-shard-0', canonicalAddress=ac-qlr4jwe-shard-00-00.jl0ajab.mongodb.net:27017, hosts=[ac-qlr4jwe-shard-00-01.jl0ajab.mongodb.net:27017, ac-qlr4jwe-shard-00-02.jl0ajab.mongodb.net:27017, ac-qlr4jwe-shard-00-00.jl0ajab.mongodb.net:27017], passives=[], arbiters=[], primary='ac-qlr4jwe-shard-00-02.jl0ajab.mongodb.net:27017', tagSet=TagSet{[Tag{name='availabilityZone', value='aps1-az1'}, Tag{name='diskState', value='READY'}, Tag{name='nodeType', value='ELECTABLE'}, Tag{name='provider', value='AWS'}, Tag{name='region', value='AP_SOUTH_1'}, Tag{name='workloadType', value='OPERATIONAL'}]}, electionId=null, setVersion=251, topologyVersion=TopologyVersion{processId=685193c79b188a7195d8875f, counter=4}, lastWriteDate=Wed Jun 18 06:11:29 IST 2025, lastUpdateTimeNanos=5850462519500} 
25-06-18 06:11:29.855 [cluster-ClusterId{value='68520b3899ceb36807f3252e', description='null'}-ac-qlr4jwe-shard-00-02.jl0ajab.mongodb.net:27017] INFO  org.mongodb.driver.cluster - Monitor thread successfully connected to server with description ServerDescription{address=ac-qlr4jwe-shard-00-02.jl0ajab.mongodb.net:27017, type=REPLICA_SET_PRIMARY, state=CONNECTED, ok=true, minWireVersion=0, maxWireVersion=25, maxDocumentSize=16777216, logicalSessionTimeoutMinutes=30, roundTripTimeNanos=484139945, setName='atlas-q34iyo-shard-0', canonicalAddress=ac-qlr4jwe-shard-00-02.jl0ajab.mongodb.net:27017, hosts=[ac-qlr4jwe-shard-00-01.jl0ajab.mongodb.net:27017, ac-qlr4jwe-shard-00-02.jl0ajab.mongodb.net:27017, ac-qlr4jwe-shard-00-00.jl0ajab.mongodb.net:27017], passives=[], arbiters=[], primary='ac-qlr4jwe-shard-00-02.jl0ajab.mongodb.net:27017', tagSet=TagSet{[Tag{name='availabilityZone', value='aps1-az2'}, Tag{name='diskState', value='READY'}, Tag{name='nodeType', value='ELECTABLE'}, Tag{name='provider', value='AWS'}, Tag{name='region', value='AP_SOUTH_1'}, Tag{name='workloadType', value='OPERATIONAL'}]}, electionId=7fffffff0000000000000109, setVersion=251, topologyVersion=TopologyVersion{processId=685195f8189e922658b8a488, counter=6}, lastWriteDate=Wed Jun 18 06:11:29 IST 2025, lastUpdateTimeNanos=5850462768853} 
25-06-18 06:11:29.865 [cluster-ClusterId{value='68520b3899ceb36807f3252e', description='null'}-ac-qlr4jwe-shard-00-02.jl0ajab.mongodb.net:27017] INFO  org.mongodb.driver.cluster - Setting max election id to 7fffffff0000000000000109 from replica set primary ac-qlr4jwe-shard-00-02.jl0ajab.mongodb.net:27017 
25-06-18 06:11:29.865 [cluster-ClusterId{value='68520b3899ceb36807f3252e', description='null'}-ac-qlr4jwe-shard-00-02.jl0ajab.mongodb.net:27017] INFO  org.mongodb.driver.cluster - Setting max set version to 251 from replica set primary ac-qlr4jwe-shard-00-02.jl0ajab.mongodb.net:27017 
25-06-18 06:11:29.865 [cluster-ClusterId{value='68520b3899ceb36807f3252e', description='null'}-ac-qlr4jwe-shard-00-02.jl0ajab.mongodb.net:27017] INFO  org.mongodb.driver.cluster - Discovered replica set primary ac-qlr4jwe-shard-00-02.jl0ajab.mongodb.net:27017 
25-06-18 06:11:30.338 [main] INFO  org.mongodb.driver.connection - Opened connection [connectionId{localValue:7, serverValue:24055}] to ac-qlr4jwe-shard-00-02.jl0ajab.mongodb.net:27017 
25-06-18 06:11:32.888 [main] INFO  o.s.s.web.DefaultSecurityFilterChain - Will secure any request with [org.springframework.security.web.session.DisableEncodeUrlFilter@674e4c82, org.springframework.security.web.context.request.async.WebAsyncManagerIntegrationFilter@572b4072, org.springframework.security.web.context.SecurityContextPersistenceFilter@2a510e0e, org.springframework.security.web.header.HeaderWriterFilter@5da3f32a, org.springframework.security.web.authentication.logout.LogoutFilter@b81938d, org.springframework.security.web.authentication.www.BasicAuthenticationFilter@114badf0, org.springframework.security.web.savedrequest.RequestCacheAwareFilter@4efe014f, org.springframework.security.web.servletapi.SecurityContextHolderAwareRequestFilter@66dd04e2, org.springframework.security.web.authentication.AnonymousAuthenticationFilter@322ab6ce, org.springframework.security.web.session.SessionManagementFilter@74badf19, org.springframework.security.web.access.ExceptionTranslationFilter@3c8758d1, org.springframework.security.web.access.intercept.FilterSecurityInterceptor@2a9f8d47] 
25-06-18 06:11:32.995 [main] INFO  o.a.coyote.http11.Http11NioProtocol - Starting ProtocolHandler ["http-nio-8081"] 
25-06-18 06:11:33.024 [main] INFO  o.s.b.w.e.tomcat.TomcatWebServer - Tomcat started on port(s): 8081 (http) with context path '/prod' 
25-06-18 06:11:33.042 [main] INFO  c.t.journalapp.JournalApplication - Started JournalApplication in 9.201 seconds (JVM running for 11.155) 
25-06-18 06:11:38.565 [http-nio-8081-exec-2] INFO  o.a.c.c.C.[.[localhost].[/prod] - Initializing Spring DispatcherServlet 'dispatcherServlet' 
25-06-18 06:11:38.566 [http-nio-8081-exec-2] INFO  o.s.web.servlet.DispatcherServlet - Initializing Servlet 'dispatcherServlet' 
25-06-18 06:11:38.569 [http-nio-8081-exec-2] INFO  o.s.web.servlet.DispatcherServlet - Completed initialization in 3 ms 
25-06-18 06:11:59.671 [http-nio-8081-exec-2] ERROR c.t.journalapp.service.RedisService - Exception 
java.lang.NullPointerException: Cannot invoke "Object.toString()" because "o" is null
	at com.techn.journalapp.service.RedisService.get(RedisService.java:24)
	at com.techn.journalapp.service.WeatherService.getWeather(WeatherService.java:32)
	at com.techn.journalapp.controller.UserController.greeting(UserController.java:54)
	at java.base/jdk.internal.reflect.NativeMethodAccessorImpl.invoke0(Native Method)
	at java.base/jdk.internal.reflect.NativeMethodAccessorImpl.invoke(NativeMethodAccessorImpl.java:77)
	at java.base/jdk.internal.reflect.DelegatingMethodAccessorImpl.invoke(DelegatingMethodAccessorImpl.java:43)
	at java.base/java.lang.reflect.Method.invoke(Method.java:568)
	at org.springframework.web.method.support.InvocableHandlerMethod.doInvoke(InvocableHandlerMethod.java:205)
	at org.springframework.web.method.support.InvocableHandlerMethod.invokeForRequest(InvocableHandlerMethod.java:150)
	at org.springframework.web.servlet.mvc.method.annotation.ServletInvocableHandlerMethod.invokeAndHandle(ServletInvocableHandlerMethod.java:117)
	at org.springframework.web.servlet.mvc.method.annotation.RequestMappingHandlerAdapter.invokeHandlerMethod(RequestMappingHandlerAdapter.java:895)
	at org.springframework.web.servlet.mvc.method.annotation.RequestMappingHandlerAdapter.handleInternal(RequestMappingHandlerAdapter.java:808)
	at org.springframework.web.servlet.mvc.method.AbstractHandlerMethodAdapter.handle(AbstractHandlerMethodAdapter.java:87)
	at org.springframework.web.servlet.DispatcherServlet.doDispatch(DispatcherServlet.java:1072)
	at org.springframework.web.servlet.DispatcherServlet.doService(DispatcherServlet.java:965)
	at org.springframework.web.servlet.FrameworkServlet.processRequest(FrameworkServlet.java:1006)
	at org.springframework.web.servlet.FrameworkServlet.doGet(FrameworkServlet.java:898)
	at javax.servlet.http.HttpServlet.service(HttpServlet.java:529)
	at org.springframework.web.servlet.FrameworkServlet.service(FrameworkServlet.java:883)
	at javax.servlet.http.HttpServlet.service(HttpServlet.java:623)
	at org.apache.catalina.core.ApplicationFilterChain.internalDoFilter(ApplicationFilterChain.java:209)
	at org.apache.catalina.core.ApplicationFilterChain.doFilter(ApplicationFilterChain.java:153)
	at org.apache.tomcat.websocket.server.WsFilter.doFilter(WsFilter.java:51)
	at org.apache.catalina.core.ApplicationFilterChain.internalDoFilter(ApplicationFilterChain.java:178)
	at org.apache.catalina.core.ApplicationFilterChain.doFilter(ApplicationFilterChain.java:153)
	at org.springframework.security.web.FilterChainProxy$VirtualFilterChain.doFilter(FilterChainProxy.java:337)
	at org.springframework.security.web.access.intercept.FilterSecurityInterceptor.invoke(FilterSecurityInterceptor.java:115)
	at org.springframework.security.web.access.intercept.FilterSecurityInterceptor.doFilter(FilterSecurityInterceptor.java:81)
	at org.springframework.security.web.FilterChainProxy$VirtualFilterChain.doFilter(FilterChainProxy.java:346)
	at org.springframework.security.web.access.ExceptionTranslationFilter.doFilter(ExceptionTranslationFilter.java:122)
	at org.springframework.security.web.access.ExceptionTranslationFilter.doFilter(ExceptionTranslationFilter.java:116)
	at org.springframework.security.web.FilterChainProxy$VirtualFilterChain.doFilter(FilterChainProxy.java:346)
	at org.springframework.security.web.session.SessionManagementFilter.doFilter(SessionManagementFilter.java:126)
	at org.springframework.security.web.session.SessionManagementFilter.doFilter(SessionManagementFilter.java:81)
	at org.springframework.security.web.FilterChainProxy$VirtualFilterChain.doFilter(FilterChainProxy.java:346)
	at org.springframework.security.web.authentication.AnonymousAuthenticationFilter.doFilter(AnonymousAuthenticationFilter.java:109)
	at org.springframework.security.web.FilterChainProxy$VirtualFilterChain.doFilter(FilterChainProxy.java:346)
	at org.springframework.security.web.servletapi.SecurityContextHolderAwareRequestFilter.doFilter(SecurityContextHolderAwareRequestFilter.java:149)
	at org.springframework.security.web.FilterChainProxy$VirtualFilterChain.doFilter(FilterChainProxy.java:346)
	at org.springframework.security.web.savedrequest.RequestCacheAwareFilter.doFilter(RequestCacheAwareFilter.java:63)
	at org.springframework.security.web.FilterChainProxy$VirtualFilterChain.doFilter(FilterChainProxy.java:346)
	at org.springframework.security.web.authentication.www.BasicAuthenticationFilter.doFilterInternal(BasicAuthenticationFilter.java:196)
	at org.springframework.web.filter.OncePerRequestFilter.doFilter(OncePerRequestFilter.java:117)
	at org.springframework.security.web.FilterChainProxy$VirtualFilterChain.doFilter(FilterChainProxy.java:346)
	at org.springframework.security.web.authentication.logout.LogoutFilter.doFilter(LogoutFilter.java:103)
	at org.springframework.security.web.authentication.logout.LogoutFilter.doFilter(LogoutFilter.java:89)
	at org.springframework.security.web.FilterChainProxy$VirtualFilterChain.doFilter(FilterChainProxy.java:346)
	at org.springframework.security.web.header.HeaderWriterFilter.doHeadersAfter(HeaderWriterFilter.java:90)
	at org.springframework.security.web.header.HeaderWriterFilter.doFilterInternal(HeaderWriterFilter.java:75)
	at org.springframework.web.filter.OncePerRequestFilter.doFilter(OncePerRequestFilter.java:117)
	at org.springframework.security.web.FilterChainProxy$VirtualFilterChain.doFilter(FilterChainProxy.java:346)
	at org.springframework.security.web.context.SecurityContextPersistenceFilter.doFilter(SecurityContextPersistenceFilter.java:112)
	at org.springframework.security.web.context.SecurityContextPersistenceFilter.doFilter(SecurityContextPersistenceFilter.java:82)
	at org.springframework.security.web.FilterChainProxy$VirtualFilterChain.doFilter(FilterChainProxy.java:346)
	at org.springframework.security.web.context.request.async.WebAsyncManagerIntegrationFilter.doFilterInternal(WebAsyncManagerIntegrationFilter.java:55)
	at org.springframework.web.filter.OncePerRequestFilter.doFilter(OncePerRequestFilter.java:117)
	at org.springframework.security.web.FilterChainProxy$VirtualFilterChain.doFilter(FilterChainProxy.java:346)
	at org.springframework.security.web.session.DisableEncodeUrlFilter.doFilterInternal(DisableEncodeUrlFilter.java:42)
	at org.springframework.web.filter.OncePerRequestFilter.doFilter(OncePerRequestFilter.java:117)
	at org.springframework.security.web.FilterChainProxy$VirtualFilterChain.doFilter(FilterChainProxy.java:346)
	at org.springframework.security.web.FilterChainProxy.doFilterInternal(FilterChainProxy.java:221)
	at org.springframework.security.web.FilterChainProxy.doFilter(FilterChainProxy.java:186)
	at org.springframework.web.filter.DelegatingFilterProxy.invokeDelegate(DelegatingFilterProxy.java:354)
	at org.springframework.web.filter.DelegatingFilterProxy.doFilter(DelegatingFilterProxy.java:267)
	at org.apache.catalina.core.ApplicationFilterChain.internalDoFilter(ApplicationFilterChain.java:178)
	at org.apache.catalina.core.ApplicationFilterChain.doFilter(ApplicationFilterChain.java:153)
	at org.springframework.web.filter.RequestContextFilter.doFilterInternal(RequestContextFilter.java:100)
	at org.springframework.web.filter.OncePerRequestFilter.doFilter(OncePerRequestFilter.java:117)
	at org.apache.catalina.core.ApplicationFilterChain.internalDoFilter(ApplicationFilterChain.java:178)
	at org.apache.catalina.core.ApplicationFilterChain.doFilter(ApplicationFilterChain.java:153)
	at org.springframework.web.filter.FormContentFilter.doFilterInternal(FormContentFilter.java:93)
	at org.springframework.web.filter.OncePerRequestFilter.doFilter(OncePerRequestFilter.java:117)
	at org.apache.catalina.core.ApplicationFilterChain.internalDoFilter(ApplicationFilterChain.java:178)
	at org.apache.catalina.core.ApplicationFilterChain.doFilter(ApplicationFilterChain.java:153)
	at org.springframework.web.filter.CharacterEncodingFilter.doFilterInternal(CharacterEncodingFilter.java:201)
	at org.springframework.web.filter.OncePerRequestFilter.doFilter(OncePerRequestFilter.java:117)
	at org.apache.catalina.core.ApplicationFilterChain.internalDoFilter(ApplicationFilterChain.java:178)
	at org.apache.catalina.core.ApplicationFilterChain.doFilter(ApplicationFilterChain.java:153)
	at org.apache.catalina.core.StandardWrapperValve.invoke(StandardWrapperValve.java:167)
	at org.apache.catalina.core.StandardContextValve.invoke(StandardContextValve.java:90)
	at org.apache.catalina.authenticator.AuthenticatorBase.invoke(AuthenticatorBase.java:481)
	at org.apache.catalina.core.StandardHostValve.invoke(StandardHostValve.java:130)
	at org.apache.catalina.valves.ErrorReportValve.invoke(ErrorReportValve.java:93)
	at org.apache.catalina.core.StandardEngineValve.invoke(StandardEngineValve.java:74)
	at org.apache.catalina.connector.CoyoteAdapter.service(CoyoteAdapter.java:343)
	at org.apache.coyote.http11.Http11Processor.service(Http11Processor.java:390)
	at org.apache.coyote.AbstractProcessorLight.process(AbstractProcessorLight.java:63)
	at org.apache.coyote.AbstractProtocol$ConnectionHandler.process(AbstractProtocol.java:926)
	at org.apache.tomcat.util.net.NioEndpoint$SocketProcessor.doRun(NioEndpoint.java:1790)
	at org.apache.tomcat.util.net.SocketProcessorBase.run(SocketProcessorBase.java:52)
	at org.apache.tomcat.util.threads.ThreadPoolExecutor.runWorker(ThreadPoolExecutor.java:1191)
	at org.apache.tomcat.util.threads.ThreadPoolExecutor$Worker.run(ThreadPoolExecutor.java:659)
	at org.apache.tomcat.util.threads.TaskThread$WrappingRunnable.run(TaskThread.java:61)
	at java.base/java.lang.Thread.run(Thread.java:842)
