25-06-17 23:53:25.337 [cluster-ClusterId{value='6851ac242db6d54b6a93462c', description='null'}-ac-qlr4jwe-shard-00-01.jl0ajab.mongodb.net:27017] INFO  org.mongodb.driver.cluster - Exception in monitor thread while connecting to server ac-qlr4jwe-shard-00-01.jl0ajab.mongodb.net:27017 
com.mongodb.MongoSocketReadTimeoutException: Timeout while receiving message
	at com.mongodb.internal.connection.InternalStreamConnection.translateReadException(InternalStreamConnection.java:696)
	at com.mongodb.internal.connection.InternalStreamConnection.receiveMessageWithAdditionalTimeout(InternalStreamConnection.java:574)
	at com.mongodb.internal.connection.InternalStreamConnection.receiveCommandMessageResponse(InternalStreamConnection.java:410)
	at com.mongodb.internal.connection.InternalStreamConnection.receive(InternalStreamConnection.java:369)
	at com.mongodb.internal.connection.DefaultServerMonitor$ServerMonitorRunnable.lookupServerDescription(DefaultServerMonitor.java:221)
	at com.mongodb.internal.connection.DefaultServerMonitor$ServerMonitorRunnable.run(DefaultServerMonitor.java:157)
	at java.base/java.lang.Thread.run(Thread.java:842)
Caused by: java.net.SocketTimeoutException: Read timed out
	at java.base/sun.nio.ch.NioSocketImpl.timedRead(NioSocketImpl.java:288)
	at java.base/sun.nio.ch.NioSocketImpl.implRead(NioSocketImpl.java:314)
	at java.base/sun.nio.ch.NioSocketImpl.read(NioSocketImpl.java:355)
	at java.base/sun.nio.ch.NioSocketImpl$1.read(NioSocketImpl.java:808)
	at java.base/java.net.Socket$SocketInputStream.read(Socket.java:966)
	at java.base/sun.security.ssl.SSLSocketInputRecord.read(SSLSocketInputRecord.java:484)
	at java.base/sun.security.ssl.SSLSocketInputRecord.readHeader(SSLSocketInputRecord.java:478)
	at java.base/sun.security.ssl.SSLSocketInputRecord.bytesInCompletePacket(SSLSocketInputRecord.java:70)
	at java.base/sun.security.ssl.SSLSocketImpl.readApplicationRecord(SSLSocketImpl.java:1461)
	at java.base/sun.security.ssl.SSLSocketImpl$AppInputStream.read(SSLSocketImpl.java:1065)
	at com.mongodb.internal.connection.SocketStream.read(SocketStream.java:110)
	at com.mongodb.internal.connection.SocketStream.read(SocketStream.java:135)
	at com.mongodb.internal.connection.InternalStreamConnection.receiveResponseBuffers(InternalStreamConnection.java:713)
	at com.mongodb.internal.connection.InternalStreamConnection.receiveMessageWithAdditionalTimeout(InternalStreamConnection.java:571)
	... 5 common frames omitted
25-06-17 23:53:25.364 [cluster-ClusterId{value='6851ac242db6d54b6a93462c', description='null'}-ac-qlr4jwe-shard-00-00.jl0ajab.mongodb.net:27017] INFO  org.mongodb.driver.cluster - Exception in monitor thread while connecting to server ac-qlr4jwe-shard-00-00.jl0ajab.mongodb.net:27017 
com.mongodb.MongoSocketReadTimeoutException: Timeout while receiving message
	at com.mongodb.internal.connection.InternalStreamConnection.translateReadException(InternalStreamConnection.java:696)
	at com.mongodb.internal.connection.InternalStreamConnection.receiveMessageWithAdditionalTimeout(InternalStreamConnection.java:574)
	at com.mongodb.internal.connection.InternalStreamConnection.receiveCommandMessageResponse(InternalStreamConnection.java:410)
	at com.mongodb.internal.connection.InternalStreamConnection.receive(InternalStreamConnection.java:369)
	at com.mongodb.internal.connection.DefaultServerMonitor$ServerMonitorRunnable.lookupServerDescription(DefaultServerMonitor.java:221)
	at com.mongodb.internal.connection.DefaultServerMonitor$ServerMonitorRunnable.run(DefaultServerMonitor.java:157)
	at java.base/java.lang.Thread.run(Thread.java:842)
Caused by: java.net.SocketTimeoutException: Read timed out
	at java.base/sun.nio.ch.NioSocketImpl.timedRead(NioSocketImpl.java:288)
	at java.base/sun.nio.ch.NioSocketImpl.implRead(NioSocketImpl.java:314)
	at java.base/sun.nio.ch.NioSocketImpl.read(NioSocketImpl.java:355)
	at java.base/sun.nio.ch.NioSocketImpl$1.read(NioSocketImpl.java:808)
	at java.base/java.net.Socket$SocketInputStream.read(Socket.java:966)
	at java.base/sun.security.ssl.SSLSocketInputRecord.read(SSLSocketInputRecord.java:484)
	at java.base/sun.security.ssl.SSLSocketInputRecord.readHeader(SSLSocketInputRecord.java:478)
	at java.base/sun.security.ssl.SSLSocketInputRecord.bytesInCompletePacket(SSLSocketInputRecord.java:70)
	at java.base/sun.security.ssl.SSLSocketImpl.readApplicationRecord(SSLSocketImpl.java:1461)
	at java.base/sun.security.ssl.SSLSocketImpl$AppInputStream.read(SSLSocketImpl.java:1065)
	at com.mongodb.internal.connection.SocketStream.read(SocketStream.java:110)
	at com.mongodb.internal.connection.SocketStream.read(SocketStream.java:135)
	at com.mongodb.internal.connection.InternalStreamConnection.receiveResponseBuffers(InternalStreamConnection.java:713)
	at com.mongodb.internal.connection.InternalStreamConnection.receiveMessageWithAdditionalTimeout(InternalStreamConnection.java:571)
	... 5 common frames omitted
25-06-17 23:53:25.701 [cluster-ClusterId{value='6851ac242db6d54b6a93462c', description='null'}-ac-qlr4jwe-shard-00-01.jl0ajab.mongodb.net:27017] INFO  org.mongodb.driver.connection - Opened connection [connectionId{localValue:8, serverValue:6196}] to ac-qlr4jwe-shard-00-01.jl0ajab.mongodb.net:27017 
25-06-17 23:53:25.702 [cluster-ClusterId{value='6851ac242db6d54b6a93462c', description='null'}-ac-qlr4jwe-shard-00-01.jl0ajab.mongodb.net:27017] INFO  org.mongodb.driver.cluster - Monitor thread successfully connected to server with description ServerDescription{address=ac-qlr4jwe-shard-00-01.jl0ajab.mongodb.net:27017, type=REPLICA_SET_SECONDARY, state=CONNECTED, ok=true, minWireVersion=0, maxWireVersion=25, maxDocumentSize=16777216, logicalSessionTimeoutMinutes=30, roundTripTimeNanos=121709588, setName='atlas-q34iyo-shard-0', canonicalAddress=ac-qlr4jwe-shard-00-01.jl0ajab.mongodb.net:27017, hosts=[ac-qlr4jwe-shard-00-01.jl0ajab.mongodb.net:27017, ac-qlr4jwe-shard-00-02.jl0ajab.mongodb.net:27017, ac-qlr4jwe-shard-00-00.jl0ajab.mongodb.net:27017], passives=[], arbiters=[], primary='ac-qlr4jwe-shard-00-02.jl0ajab.mongodb.net:27017', tagSet=TagSet{[Tag{name='availabilityZone', value='aps1-az3'}, Tag{name='diskState', value='READY'}, Tag{name='nodeType', value='ELECTABLE'}, Tag{name='provider', value='AWS'}, Tag{name='region', value='AP_SOUTH_1'}, Tag{name='workloadType', value='OPERATIONAL'}]}, electionId=null, setVersion=251, topologyVersion=TopologyVersion{processId=6851986c2d04923514f70196, counter=3}, lastWriteDate=Tue Jun 17 23:53:25 IST 2025, lastUpdateTimeNanos=2838784494204} 
25-06-17 23:53:26.084 [cluster-ClusterId{value='6851ac242db6d54b6a93462c', description='null'}-ac-qlr4jwe-shard-00-02.jl0ajab.mongodb.net:27017] INFO  org.mongodb.driver.cluster - Exception in monitor thread while connecting to server ac-qlr4jwe-shard-00-02.jl0ajab.mongodb.net:27017 
com.mongodb.MongoSocketReadTimeoutException: Timeout while receiving message
	at com.mongodb.internal.connection.InternalStreamConnection.translateReadException(InternalStreamConnection.java:696)
	at com.mongodb.internal.connection.InternalStreamConnection.receiveMessageWithAdditionalTimeout(InternalStreamConnection.java:574)
	at com.mongodb.internal.connection.InternalStreamConnection.receiveCommandMessageResponse(InternalStreamConnection.java:410)
	at com.mongodb.internal.connection.InternalStreamConnection.receive(InternalStreamConnection.java:369)
	at com.mongodb.internal.connection.DefaultServerMonitor$ServerMonitorRunnable.lookupServerDescription(DefaultServerMonitor.java:221)
	at com.mongodb.internal.connection.DefaultServerMonitor$ServerMonitorRunnable.run(DefaultServerMonitor.java:157)
	at java.base/java.lang.Thread.run(Thread.java:842)
Caused by: java.net.SocketTimeoutException: Read timed out
	at java.base/sun.nio.ch.NioSocketImpl.timedRead(NioSocketImpl.java:288)
	at java.base/sun.nio.ch.NioSocketImpl.implRead(NioSocketImpl.java:314)
	at java.base/sun.nio.ch.NioSocketImpl.read(NioSocketImpl.java:355)
	at java.base/sun.nio.ch.NioSocketImpl$1.read(NioSocketImpl.java:808)
	at java.base/java.net.Socket$SocketInputStream.read(Socket.java:966)
	at java.base/sun.security.ssl.SSLSocketInputRecord.read(SSLSocketInputRecord.java:484)
	at java.base/sun.security.ssl.SSLSocketInputRecord.readHeader(SSLSocketInputRecord.java:478)
	at java.base/sun.security.ssl.SSLSocketInputRecord.bytesInCompletePacket(SSLSocketInputRecord.java:70)
	at java.base/sun.security.ssl.SSLSocketImpl.readApplicationRecord(SSLSocketImpl.java:1461)
	at java.base/sun.security.ssl.SSLSocketImpl$AppInputStream.read(SSLSocketImpl.java:1065)
	at com.mongodb.internal.connection.SocketStream.read(SocketStream.java:110)
	at com.mongodb.internal.connection.SocketStream.read(SocketStream.java:135)
	at com.mongodb.internal.connection.InternalStreamConnection.receiveResponseBuffers(InternalStreamConnection.java:713)
	at com.mongodb.internal.connection.InternalStreamConnection.receiveMessageWithAdditionalTimeout(InternalStreamConnection.java:571)
	... 5 common frames omitted
25-06-17 23:53:26.467 [cluster-ClusterId{value='6851ac242db6d54b6a93462c', description='null'}-ac-qlr4jwe-shard-00-02.jl0ajab.mongodb.net:27017] INFO  org.mongodb.driver.connection - Opened connection [connectionId{localValue:10, serverValue:8710}] to ac-qlr4jwe-shard-00-02.jl0ajab.mongodb.net:27017 
25-06-17 23:53:26.467 [cluster-ClusterId{value='6851ac242db6d54b6a93462c', description='null'}-ac-qlr4jwe-shard-00-02.jl0ajab.mongodb.net:27017] INFO  org.mongodb.driver.cluster - Monitor thread successfully connected to server with description ServerDescription{address=ac-qlr4jwe-shard-00-02.jl0ajab.mongodb.net:27017, type=REPLICA_SET_PRIMARY, state=CONNECTED, ok=true, minWireVersion=0, maxWireVersion=25, maxDocumentSize=16777216, logicalSessionTimeoutMinutes=30, roundTripTimeNanos=128042574, setName='atlas-q34iyo-shard-0', canonicalAddress=ac-qlr4jwe-shard-00-02.jl0ajab.mongodb.net:27017, hosts=[ac-qlr4jwe-shard-00-01.jl0ajab.mongodb.net:27017, ac-qlr4jwe-shard-00-02.jl0ajab.mongodb.net:27017, ac-qlr4jwe-shard-00-00.jl0ajab.mongodb.net:27017], passives=[], arbiters=[], primary='ac-qlr4jwe-shard-00-02.jl0ajab.mongodb.net:27017', tagSet=TagSet{[Tag{name='availabilityZone', value='aps1-az2'}, Tag{name='diskState', value='READY'}, Tag{name='nodeType', value='ELECTABLE'}, Tag{name='provider', value='AWS'}, Tag{name='region', value='AP_SOUTH_1'}, Tag{name='workloadType', value='OPERATIONAL'}]}, electionId=7fffffff0000000000000109, setVersion=251, topologyVersion=TopologyVersion{processId=685195f8189e922658b8a488, counter=6}, lastWriteDate=Tue Jun 17 23:53:26 IST 2025, lastUpdateTimeNanos=2839549862848} 
25-06-17 23:53:26.467 [cluster-ClusterId{value='6851ac242db6d54b6a93462c', description='null'}-ac-qlr4jwe-shard-00-02.jl0ajab.mongodb.net:27017] INFO  org.mongodb.driver.cluster - Discovered replica set primary ac-qlr4jwe-shard-00-02.jl0ajab.mongodb.net:27017 
25-06-17 23:53:26.734 [cluster-ClusterId{value='6851ac242db6d54b6a93462c', description='null'}-ac-qlr4jwe-shard-00-00.jl0ajab.mongodb.net:27017] INFO  org.mongodb.driver.connection - Opened connection [connectionId{localValue:9, serverValue:9218}] to ac-qlr4jwe-shard-00-00.jl0ajab.mongodb.net:27017 
25-06-17 23:53:26.734 [cluster-ClusterId{value='6851ac242db6d54b6a93462c', description='null'}-ac-qlr4jwe-shard-00-00.jl0ajab.mongodb.net:27017] INFO  org.mongodb.driver.cluster - Monitor thread successfully connected to server with description ServerDescription{address=ac-qlr4jwe-shard-00-00.jl0ajab.mongodb.net:27017, type=REPLICA_SET_SECONDARY, state=CONNECTED, ok=true, minWireVersion=0, maxWireVersion=25, maxDocumentSize=16777216, logicalSessionTimeoutMinutes=30, roundTripTimeNanos=155703536, setName='atlas-q34iyo-shard-0', canonicalAddress=ac-qlr4jwe-shard-00-00.jl0ajab.mongodb.net:27017, hosts=[ac-qlr4jwe-shard-00-01.jl0ajab.mongodb.net:27017, ac-qlr4jwe-shard-00-02.jl0ajab.mongodb.net:27017, ac-qlr4jwe-shard-00-00.jl0ajab.mongodb.net:27017], passives=[], arbiters=[], primary='ac-qlr4jwe-shard-00-02.jl0ajab.mongodb.net:27017', tagSet=TagSet{[Tag{name='availabilityZone', value='aps1-az1'}, Tag{name='diskState', value='READY'}, Tag{name='nodeType', value='ELECTABLE'}, Tag{name='provider', value='AWS'}, Tag{name='region', value='AP_SOUTH_1'}, Tag{name='workloadType', value='OPERATIONAL'}]}, electionId=null, setVersion=251, topologyVersion=TopologyVersion{processId=685193c79b188a7195d8875f, counter=4}, lastWriteDate=Tue Jun 17 23:53:26 IST 2025, lastUpdateTimeNanos=2839817226404} 
25-06-17 23:53:46.803 [cluster-rtt-ClusterId{value='6851ac242db6d54b6a93462c', description='null'}-ac-qlr4jwe-shard-00-01.jl0ajab.mongodb.net:27017] INFO  org.mongodb.driver.connection - Opened connection [connectionId{localValue:12, serverValue:6211}] to ac-qlr4jwe-shard-00-01.jl0ajab.mongodb.net:27017 
25-06-17 23:53:46.829 [cluster-rtt-ClusterId{value='6851ac242db6d54b6a93462c', description='null'}-ac-qlr4jwe-shard-00-02.jl0ajab.mongodb.net:27017] INFO  org.mongodb.driver.connection - Opened connection [connectionId{localValue:11, serverValue:8614}] to ac-qlr4jwe-shard-00-02.jl0ajab.mongodb.net:27017 
25-06-17 23:53:46.829 [cluster-rtt-ClusterId{value='6851ac242db6d54b6a93462c', description='null'}-ac-qlr4jwe-shard-00-00.jl0ajab.mongodb.net:27017] INFO  org.mongodb.driver.connection - Opened connection [connectionId{localValue:13, serverValue:9232}] to ac-qlr4jwe-shard-00-00.jl0ajab.mongodb.net:27017 
